mode: set
github.com/GolangToolKits/go-mysql/mysqldb.go:22.31,26.18 4 1
github.com/GolangToolKits/go-mysql/mysqldb.go:26.18,28.19 2 1
github.com/GolangToolKits/go-mysql/mysqldb.go:28.19,30.4 1 1
github.com/GolangToolKits/go-mysql/mysqldb.go:30.9,32.4 1 1
github.com/GolangToolKits/go-mysql/mysqldb.go:34.2,34.12 1 1
github.com/GolangToolKits/go-mysql/mysqldb.go:38.31,40.2 1 1
github.com/GolangToolKits/go-mysql/mysqldb.go:43.47,47.29 4 1
github.com/GolangToolKits/go-mysql/mysqldb.go:47.29,49.3 1 1
github.com/GolangToolKits/go-mysql/mysqldb.go:50.2,51.14 2 1
github.com/GolangToolKits/go-mysql/mysqldb.go:55.55,57.2 1 1
github.com/GolangToolKits/go-mysql/mysqldb.go:60.64,65.18 5 1
github.com/GolangToolKits/go-mysql/mysqldb.go:65.18,67.3 1 1
github.com/GolangToolKits/go-mysql/mysqldb.go:67.8,70.17 3 1
github.com/GolangToolKits/go-mysql/mysqldb.go:70.17,72.4 1 1
github.com/GolangToolKits/go-mysql/mysqldb.go:72.9,74.28 2 1
github.com/GolangToolKits/go-mysql/mysqldb.go:74.28,76.5 1 1
github.com/GolangToolKits/go-mysql/mysqldb.go:79.2,79.20 1 1
github.com/GolangToolKits/go-mysql/mysqldb.go:83.55,87.18 4 1
github.com/GolangToolKits/go-mysql/mysqldb.go:87.18,89.3 1 1
github.com/GolangToolKits/go-mysql/mysqldb.go:89.8,92.17 3 1
github.com/GolangToolKits/go-mysql/mysqldb.go:92.17,94.4 1 1
github.com/GolangToolKits/go-mysql/mysqldb.go:94.9,96.25 2 1
github.com/GolangToolKits/go-mysql/mysqldb.go:96.25,98.5 1 1
github.com/GolangToolKits/go-mysql/mysqldb.go:98.10,100.5 1 1
github.com/GolangToolKits/go-mysql/mysqldb.go:103.2,103.16 1 1
github.com/GolangToolKits/go-mysql/mysqldb.go:107.54,110.16 3 1
github.com/GolangToolKits/go-mysql/mysqldb.go:110.16,112.3 1 1
github.com/GolangToolKits/go-mysql/mysqldb.go:112.8,115.17 3 1
github.com/GolangToolKits/go-mysql/mysqldb.go:115.17,117.4 1 1
github.com/GolangToolKits/go-mysql/mysqldb.go:117.9,120.18 3 1
github.com/GolangToolKits/go-mysql/mysqldb.go:120.18,124.30 4 1
github.com/GolangToolKits/go-mysql/mysqldb.go:124.30,126.6 1 1
github.com/GolangToolKits/go-mysql/mysqldb.go:127.5,127.21 1 1
github.com/GolangToolKits/go-mysql/mysqldb.go:127.21,134.36 2 1
github.com/GolangToolKits/go-mysql/mysqldb.go:134.36,136.21 2 1
github.com/GolangToolKits/go-mysql/mysqldb.go:136.21,138.8 1 1
github.com/GolangToolKits/go-mysql/mysqldb.go:138.13,140.8 1 1
github.com/GolangToolKits/go-mysql/mysqldb.go:141.7,141.39 1 1
github.com/GolangToolKits/go-mysql/mysqldb.go:150.2,150.13 1 1
github.com/GolangToolKits/go-mysql/mysqldb.go:154.59,157.16 3 1
github.com/GolangToolKits/go-mysql/mysqldb.go:157.16,159.3 1 1
github.com/GolangToolKits/go-mysql/mysqldb.go:159.8,163.17 3 1
github.com/GolangToolKits/go-mysql/mysqldb.go:163.17,165.4 1 1
github.com/GolangToolKits/go-mysql/mysqldb.go:165.9,168.18 3 1
github.com/GolangToolKits/go-mysql/mysqldb.go:168.18,172.30 4 1
github.com/GolangToolKits/go-mysql/mysqldb.go:172.30,174.6 1 1
github.com/GolangToolKits/go-mysql/mysqldb.go:175.5,175.21 1 1
github.com/GolangToolKits/go-mysql/mysqldb.go:175.21,183.36 3 1
github.com/GolangToolKits/go-mysql/mysqldb.go:183.36,185.21 2 1
github.com/GolangToolKits/go-mysql/mysqldb.go:185.21,187.8 1 1
github.com/GolangToolKits/go-mysql/mysqldb.go:187.13,189.8 1 1
github.com/GolangToolKits/go-mysql/mysqldb.go:190.7,190.49 1 1
github.com/GolangToolKits/go-mysql/mysqldb.go:192.6,192.47 1 1
github.com/GolangToolKits/go-mysql/mysqldb.go:200.2,200.13 1 1
github.com/GolangToolKits/go-mysql/mysqldb.go:204.55,208.18 4 1
github.com/GolangToolKits/go-mysql/mysqldb.go:208.18,210.3 1 1
github.com/GolangToolKits/go-mysql/mysqldb.go:210.8,213.17 3 1
github.com/GolangToolKits/go-mysql/mysqldb.go:213.17,215.4 1 1
github.com/GolangToolKits/go-mysql/mysqldb.go:215.9,217.25 2 1
github.com/GolangToolKits/go-mysql/mysqldb.go:217.25,219.5 1 1
github.com/GolangToolKits/go-mysql/mysqldb.go:219.10,221.5 1 0
github.com/GolangToolKits/go-mysql/mysqldb.go:224.2,224.16 1 1
github.com/GolangToolKits/go-mysql/mysqldb.go:228.29,231.16 3 1
github.com/GolangToolKits/go-mysql/mysqldb.go:231.16,233.3 1 1
github.com/GolangToolKits/go-mysql/mysqldb.go:234.2,234.12 1 1
github.com/GolangToolKits/go-mysql/mysqldbMock.go:108.35,110.2 1 1
github.com/GolangToolKits/go-mysql/mysqldbMock.go:113.35,115.2 1 1
github.com/GolangToolKits/go-mysql/mysqldbMock.go:118.46,122.2 3 1
github.com/GolangToolKits/go-mysql/mysqldbMock.go:125.51,131.2 5 1
github.com/GolangToolKits/go-mysql/mysqldbMock.go:134.59,136.2 1 1
github.com/GolangToolKits/go-mysql/mysqldbMock.go:139.68,142.31 3 1
github.com/GolangToolKits/go-mysql/mysqldbMock.go:142.31,146.3 3 1
github.com/GolangToolKits/go-mysql/mysqldbMock.go:146.8,146.38 1 1
github.com/GolangToolKits/go-mysql/mysqldbMock.go:146.38,150.3 3 1
github.com/GolangToolKits/go-mysql/mysqldbMock.go:150.8,150.38 1 1
github.com/GolangToolKits/go-mysql/mysqldbMock.go:150.38,154.3 3 1
github.com/GolangToolKits/go-mysql/mysqldbMock.go:154.8,154.38 1 1
github.com/GolangToolKits/go-mysql/mysqldbMock.go:154.38,158.3 3 1
github.com/GolangToolKits/go-mysql/mysqldbMock.go:159.2,159.16 1 1
github.com/GolangToolKits/go-mysql/mysqldbMock.go:163.59,165.31 2 1
github.com/GolangToolKits/go-mysql/mysqldbMock.go:165.31,168.3 2 1
github.com/GolangToolKits/go-mysql/mysqldbMock.go:168.8,168.38 1 1
github.com/GolangToolKits/go-mysql/mysqldbMock.go:168.38,171.3 2 1
github.com/GolangToolKits/go-mysql/mysqldbMock.go:171.8,171.38 1 1
github.com/GolangToolKits/go-mysql/mysqldbMock.go:171.38,174.3 2 1
github.com/GolangToolKits/go-mysql/mysqldbMock.go:174.8,174.38 1 1
github.com/GolangToolKits/go-mysql/mysqldbMock.go:174.38,177.3 2 1
github.com/GolangToolKits/go-mysql/mysqldbMock.go:178.2,178.12 1 1
github.com/GolangToolKits/go-mysql/mysqldbMock.go:182.58,185.21 2 1
github.com/GolangToolKits/go-mysql/mysqldbMock.go:185.21,188.3 2 1
github.com/GolangToolKits/go-mysql/mysqldbMock.go:188.8,188.28 1 1
github.com/GolangToolKits/go-mysql/mysqldbMock.go:188.28,191.3 2 1
github.com/GolangToolKits/go-mysql/mysqldbMock.go:191.8,191.28 1 1
github.com/GolangToolKits/go-mysql/mysqldbMock.go:191.28,194.3 2 1
github.com/GolangToolKits/go-mysql/mysqldbMock.go:194.8,194.28 1 1
github.com/GolangToolKits/go-mysql/mysqldbMock.go:194.28,197.3 2 1
github.com/GolangToolKits/go-mysql/mysqldbMock.go:197.8,197.28 1 1
github.com/GolangToolKits/go-mysql/mysqldbMock.go:197.28,200.3 2 1
github.com/GolangToolKits/go-mysql/mysqldbMock.go:200.8,200.28 1 1
github.com/GolangToolKits/go-mysql/mysqldbMock.go:200.28,203.3 2 1
github.com/GolangToolKits/go-mysql/mysqldbMock.go:203.8,203.28 1 1
github.com/GolangToolKits/go-mysql/mysqldbMock.go:203.28,206.3 2 1
github.com/GolangToolKits/go-mysql/mysqldbMock.go:206.8,206.28 1 1
github.com/GolangToolKits/go-mysql/mysqldbMock.go:206.28,209.3 2 1
github.com/GolangToolKits/go-mysql/mysqldbMock.go:210.2,210.12 1 1
github.com/GolangToolKits/go-mysql/mysqldbMock.go:214.63,216.22 2 1
github.com/GolangToolKits/go-mysql/mysqldbMock.go:216.22,219.3 2 1
github.com/GolangToolKits/go-mysql/mysqldbMock.go:219.8,219.29 1 1
github.com/GolangToolKits/go-mysql/mysqldbMock.go:219.29,222.3 2 1
github.com/GolangToolKits/go-mysql/mysqldbMock.go:222.8,222.29 1 1
github.com/GolangToolKits/go-mysql/mysqldbMock.go:222.29,225.3 2 1
github.com/GolangToolKits/go-mysql/mysqldbMock.go:225.8,225.29 1 1
github.com/GolangToolKits/go-mysql/mysqldbMock.go:225.29,228.3 2 1
github.com/GolangToolKits/go-mysql/mysqldbMock.go:228.8,228.29 1 1
github.com/GolangToolKits/go-mysql/mysqldbMock.go:228.29,231.3 2 1
github.com/GolangToolKits/go-mysql/mysqldbMock.go:231.8,231.29 1 1
github.com/GolangToolKits/go-mysql/mysqldbMock.go:231.29,234.3 2 1
github.com/GolangToolKits/go-mysql/mysqldbMock.go:234.8,234.29 1 1
github.com/GolangToolKits/go-mysql/mysqldbMock.go:234.29,237.3 2 1
github.com/GolangToolKits/go-mysql/mysqldbMock.go:237.8,237.29 1 1
github.com/GolangToolKits/go-mysql/mysqldbMock.go:237.29,240.3 2 1
github.com/GolangToolKits/go-mysql/mysqldbMock.go:241.2,241.12 1 1
github.com/GolangToolKits/go-mysql/mysqldbMock.go:245.59,247.31 2 1
github.com/GolangToolKits/go-mysql/mysqldbMock.go:247.31,250.3 2 1
github.com/GolangToolKits/go-mysql/mysqldbMock.go:250.8,250.38 1 1
github.com/GolangToolKits/go-mysql/mysqldbMock.go:250.38,253.3 2 1
github.com/GolangToolKits/go-mysql/mysqldbMock.go:253.8,253.38 1 1
github.com/GolangToolKits/go-mysql/mysqldbMock.go:253.38,256.3 2 1
github.com/GolangToolKits/go-mysql/mysqldbMock.go:256.8,256.38 1 1
github.com/GolangToolKits/go-mysql/mysqldbMock.go:256.38,259.3 2 1
github.com/GolangToolKits/go-mysql/mysqldbMock.go:260.2,260.12 1 1
github.com/GolangToolKits/go-mysql/mysqldbMock.go:264.33,266.2 1 1
github.com/GolangToolKits/go-mysql/mysqltx.go:14.66,19.16 4 1
github.com/GolangToolKits/go-mysql/mysqltx.go:19.16,21.3 1 1
github.com/GolangToolKits/go-mysql/mysqltx.go:21.8,24.17 3 1
github.com/GolangToolKits/go-mysql/mysqltx.go:24.17,26.4 1 1
github.com/GolangToolKits/go-mysql/mysqltx.go:26.9,29.4 2 1
github.com/GolangToolKits/go-mysql/mysqltx.go:31.2,31.20 1 1
github.com/GolangToolKits/go-mysql/mysqltx.go:35.57,38.16 3 1
github.com/GolangToolKits/go-mysql/mysqltx.go:38.16,40.3 1 1
github.com/GolangToolKits/go-mysql/mysqltx.go:40.8,43.17 3 1
github.com/GolangToolKits/go-mysql/mysqltx.go:43.17,45.4 1 1
github.com/GolangToolKits/go-mysql/mysqltx.go:45.9,47.4 1 1
github.com/GolangToolKits/go-mysql/mysqltx.go:49.2,49.16 1 1
github.com/GolangToolKits/go-mysql/mysqltx.go:53.57,56.16 3 1
github.com/GolangToolKits/go-mysql/mysqltx.go:56.16,58.3 1 1
github.com/GolangToolKits/go-mysql/mysqltx.go:58.8,61.17 3 1
github.com/GolangToolKits/go-mysql/mysqltx.go:61.17,64.4 1 1
github.com/GolangToolKits/go-mysql/mysqltx.go:64.9,67.4 1 1
github.com/GolangToolKits/go-mysql/mysqltx.go:69.2,69.16 1 1
github.com/GolangToolKits/go-mysql/mysqltx.go:73.32,76.16 3 1
github.com/GolangToolKits/go-mysql/mysqltx.go:76.16,78.3 1 1
github.com/GolangToolKits/go-mysql/mysqltx.go:78.8,80.3 1 1
github.com/GolangToolKits/go-mysql/mysqltx.go:81.2,81.12 1 1
github.com/GolangToolKits/go-mysql/mysqltx.go:85.34,88.16 3 1
github.com/GolangToolKits/go-mysql/mysqltx.go:88.16,90.3 1 1
github.com/GolangToolKits/go-mysql/mysqltx.go:90.8,92.3 1 1
github.com/GolangToolKits/go-mysql/mysqltx.go:93.2,93.12 1 1
github.com/GolangToolKits/go-mysql/mysqltxMock.go:12.70,15.40 3 1
github.com/GolangToolKits/go-mysql/mysqltxMock.go:15.40,19.3 3 1
github.com/GolangToolKits/go-mysql/mysqltxMock.go:19.8,19.47 1 1
github.com/GolangToolKits/go-mysql/mysqltxMock.go:19.47,23.3 3 1
github.com/GolangToolKits/go-mysql/mysqltxMock.go:23.8,23.47 1 1
github.com/GolangToolKits/go-mysql/mysqltxMock.go:23.47,27.3 3 1
github.com/GolangToolKits/go-mysql/mysqltxMock.go:27.8,27.47 1 1
github.com/GolangToolKits/go-mysql/mysqltxMock.go:27.47,31.3 3 1
github.com/GolangToolKits/go-mysql/mysqltxMock.go:31.8,31.47 1 1
github.com/GolangToolKits/go-mysql/mysqltxMock.go:31.47,35.3 3 1
github.com/GolangToolKits/go-mysql/mysqltxMock.go:35.8,35.47 1 1
github.com/GolangToolKits/go-mysql/mysqltxMock.go:35.47,39.3 3 1
github.com/GolangToolKits/go-mysql/mysqltxMock.go:39.8,39.47 1 1
github.com/GolangToolKits/go-mysql/mysqltxMock.go:39.47,43.3 3 1
github.com/GolangToolKits/go-mysql/mysqltxMock.go:43.8,43.47 1 1
github.com/GolangToolKits/go-mysql/mysqltxMock.go:43.47,47.3 3 1
github.com/GolangToolKits/go-mysql/mysqltxMock.go:48.2,48.16 1 1
github.com/GolangToolKits/go-mysql/mysqltxMock.go:52.61,54.40 2 1
github.com/GolangToolKits/go-mysql/mysqltxMock.go:54.40,57.3 2 1
github.com/GolangToolKits/go-mysql/mysqltxMock.go:57.8,57.47 1 1
github.com/GolangToolKits/go-mysql/mysqltxMock.go:57.47,60.3 2 1
github.com/GolangToolKits/go-mysql/mysqltxMock.go:60.8,60.47 1 1
github.com/GolangToolKits/go-mysql/mysqltxMock.go:60.47,63.3 2 1
github.com/GolangToolKits/go-mysql/mysqltxMock.go:63.8,63.47 1 1
github.com/GolangToolKits/go-mysql/mysqltxMock.go:63.47,66.3 2 1
github.com/GolangToolKits/go-mysql/mysqltxMock.go:67.2,67.12 1 1
github.com/GolangToolKits/go-mysql/mysqltxMock.go:71.61,73.40 2 1
github.com/GolangToolKits/go-mysql/mysqltxMock.go:73.40,76.3 2 1
github.com/GolangToolKits/go-mysql/mysqltxMock.go:76.8,76.47 1 1
github.com/GolangToolKits/go-mysql/mysqltxMock.go:76.47,79.3 2 1
github.com/GolangToolKits/go-mysql/mysqltxMock.go:79.8,79.47 1 1
github.com/GolangToolKits/go-mysql/mysqltxMock.go:79.47,82.3 2 1
github.com/GolangToolKits/go-mysql/mysqltxMock.go:82.8,82.47 1 1
github.com/GolangToolKits/go-mysql/mysqltxMock.go:82.47,85.3 2 1
github.com/GolangToolKits/go-mysql/mysqltxMock.go:85.8,85.47 1 1
github.com/GolangToolKits/go-mysql/mysqltxMock.go:85.47,88.3 2 1
github.com/GolangToolKits/go-mysql/mysqltxMock.go:88.8,88.47 1 1
github.com/GolangToolKits/go-mysql/mysqltxMock.go:88.47,91.3 2 1
github.com/GolangToolKits/go-mysql/mysqltxMock.go:91.8,91.47 1 1
github.com/GolangToolKits/go-mysql/mysqltxMock.go:91.47,94.3 2 1
github.com/GolangToolKits/go-mysql/mysqltxMock.go:94.8,94.47 1 1
github.com/GolangToolKits/go-mysql/mysqltxMock.go:94.47,97.3 2 1
github.com/GolangToolKits/go-mysql/mysqltxMock.go:98.2,98.12 1 1
github.com/GolangToolKits/go-mysql/mysqltxMock.go:102.36,104.2 1 1
github.com/GolangToolKits/go-mysql/mysqltxMock.go:107.38,109.2 1 1
