mode: set
github.com/GolangToolKits/go-mysql/mysqldb.go:22.31,26.18 4 1
github.com/GolangToolKits/go-mysql/mysqldb.go:26.18,28.19 2 1
github.com/GolangToolKits/go-mysql/mysqldb.go:28.19,30.4 1 1
github.com/GolangToolKits/go-mysql/mysqldb.go:30.9,32.4 1 1
github.com/GolangToolKits/go-mysql/mysqldb.go:34.2,34.12 1 1
github.com/GolangToolKits/go-mysql/mysqldb.go:38.31,40.2 1 1
github.com/GolangToolKits/go-mysql/mysqldb.go:43.47,47.29 4 1
github.com/GolangToolKits/go-mysql/mysqldb.go:47.29,49.3 1 1
github.com/GolangToolKits/go-mysql/mysqldb.go:50.2,51.14 2 1
github.com/GolangToolKits/go-mysql/mysqldb.go:55.55,57.2 1 1
github.com/GolangToolKits/go-mysql/mysqldb.go:60.64,65.18 5 1
github.com/GolangToolKits/go-mysql/mysqldb.go:65.18,67.3 1 1
github.com/GolangToolKits/go-mysql/mysqldb.go:67.8,70.17 3 1
github.com/GolangToolKits/go-mysql/mysqldb.go:70.17,72.4 1 1
github.com/GolangToolKits/go-mysql/mysqldb.go:72.9,75.38 3 1
github.com/GolangToolKits/go-mysql/mysqldb.go:75.38,77.5 1 1
github.com/GolangToolKits/go-mysql/mysqldb.go:80.2,80.20 1 1
github.com/GolangToolKits/go-mysql/mysqldb.go:84.55,88.18 4 1
github.com/GolangToolKits/go-mysql/mysqldb.go:88.18,90.3 1 1
github.com/GolangToolKits/go-mysql/mysqldb.go:90.8,93.17 3 1
github.com/GolangToolKits/go-mysql/mysqldb.go:93.17,95.4 1 1
github.com/GolangToolKits/go-mysql/mysqldb.go:95.9,97.25 2 1
github.com/GolangToolKits/go-mysql/mysqldb.go:97.25,99.5 1 1
github.com/GolangToolKits/go-mysql/mysqldb.go:99.10,101.5 1 1
github.com/GolangToolKits/go-mysql/mysqldb.go:104.2,104.16 1 1
github.com/GolangToolKits/go-mysql/mysqldb.go:108.54,111.16 3 1
github.com/GolangToolKits/go-mysql/mysqldb.go:111.16,113.3 1 1
github.com/GolangToolKits/go-mysql/mysqldb.go:113.8,116.17 3 1
github.com/GolangToolKits/go-mysql/mysqldb.go:116.17,118.4 1 1
github.com/GolangToolKits/go-mysql/mysqldb.go:118.9,121.18 3 1
github.com/GolangToolKits/go-mysql/mysqldb.go:121.18,125.30 4 1
github.com/GolangToolKits/go-mysql/mysqldb.go:125.30,127.6 1 1
github.com/GolangToolKits/go-mysql/mysqldb.go:128.5,128.21 1 1
github.com/GolangToolKits/go-mysql/mysqldb.go:128.21,135.36 2 1
github.com/GolangToolKits/go-mysql/mysqldb.go:135.36,137.21 2 1
github.com/GolangToolKits/go-mysql/mysqldb.go:137.21,139.8 1 1
github.com/GolangToolKits/go-mysql/mysqldb.go:139.13,141.8 1 1
github.com/GolangToolKits/go-mysql/mysqldb.go:142.7,142.39 1 1
github.com/GolangToolKits/go-mysql/mysqldb.go:151.2,151.13 1 1
github.com/GolangToolKits/go-mysql/mysqldb.go:155.59,158.16 3 1
github.com/GolangToolKits/go-mysql/mysqldb.go:158.16,160.3 1 1
github.com/GolangToolKits/go-mysql/mysqldb.go:160.8,164.17 3 1
github.com/GolangToolKits/go-mysql/mysqldb.go:164.17,166.4 1 1
github.com/GolangToolKits/go-mysql/mysqldb.go:166.9,169.18 3 1
github.com/GolangToolKits/go-mysql/mysqldb.go:169.18,173.30 4 1
github.com/GolangToolKits/go-mysql/mysqldb.go:173.30,175.6 1 1
github.com/GolangToolKits/go-mysql/mysqldb.go:176.5,176.21 1 1
github.com/GolangToolKits/go-mysql/mysqldb.go:176.21,184.36 3 1
github.com/GolangToolKits/go-mysql/mysqldb.go:184.36,186.21 2 1
github.com/GolangToolKits/go-mysql/mysqldb.go:186.21,188.8 1 1
github.com/GolangToolKits/go-mysql/mysqldb.go:188.13,190.8 1 1
github.com/GolangToolKits/go-mysql/mysqldb.go:191.7,191.49 1 1
github.com/GolangToolKits/go-mysql/mysqldb.go:193.6,193.47 1 1
github.com/GolangToolKits/go-mysql/mysqldb.go:201.2,201.13 1 1
github.com/GolangToolKits/go-mysql/mysqldb.go:205.55,209.18 4 1
github.com/GolangToolKits/go-mysql/mysqldb.go:209.18,211.3 1 1
github.com/GolangToolKits/go-mysql/mysqldb.go:211.8,214.17 3 1
github.com/GolangToolKits/go-mysql/mysqldb.go:214.17,216.4 1 1
github.com/GolangToolKits/go-mysql/mysqldb.go:216.9,218.25 2 1
github.com/GolangToolKits/go-mysql/mysqldb.go:218.25,220.5 1 1
github.com/GolangToolKits/go-mysql/mysqldb.go:220.10,222.5 1 0
github.com/GolangToolKits/go-mysql/mysqldb.go:225.2,225.16 1 1
github.com/GolangToolKits/go-mysql/mysqldb.go:229.29,232.16 3 1
github.com/GolangToolKits/go-mysql/mysqldb.go:232.16,234.3 1 1
github.com/GolangToolKits/go-mysql/mysqldb.go:235.2,235.12 1 1
github.com/GolangToolKits/go-mysql/mysqldbMock.go:108.35,110.2 1 1
github.com/GolangToolKits/go-mysql/mysqldbMock.go:113.35,115.2 1 1
github.com/GolangToolKits/go-mysql/mysqldbMock.go:118.46,122.2 3 1
github.com/GolangToolKits/go-mysql/mysqldbMock.go:125.51,131.2 5 1
github.com/GolangToolKits/go-mysql/mysqldbMock.go:134.59,136.2 1 1
github.com/GolangToolKits/go-mysql/mysqldbMock.go:139.68,142.31 3 1
github.com/GolangToolKits/go-mysql/mysqldbMock.go:142.31,146.3 3 1
github.com/GolangToolKits/go-mysql/mysqldbMock.go:146.8,146.38 1 1
github.com/GolangToolKits/go-mysql/mysqldbMock.go:146.38,150.3 3 1
github.com/GolangToolKits/go-mysql/mysqldbMock.go:150.8,150.38 1 1
github.com/GolangToolKits/go-mysql/mysqldbMock.go:150.38,154.3 3 1
github.com/GolangToolKits/go-mysql/mysqldbMock.go:154.8,154.38 1 1
github.com/GolangToolKits/go-mysql/mysqldbMock.go:154.38,158.3 3 1
github.com/GolangToolKits/go-mysql/mysqldbMock.go:159.2,159.16 1 1
github.com/GolangToolKits/go-mysql/mysqldbMock.go:163.59,165.31 2 1
github.com/GolangToolKits/go-mysql/mysqldbMock.go:165.31,168.3 2 1
github.com/GolangToolKits/go-mysql/mysqldbMock.go:168.8,168.38 1 1
github.com/GolangToolKits/go-mysql/mysqldbMock.go:168.38,171.3 2 1
github.com/GolangToolKits/go-mysql/mysqldbMock.go:171.8,171.38 1 1
github.com/GolangToolKits/go-mysql/mysqldbMock.go:171.38,174.3 2 1
github.com/GolangToolKits/go-mysql/mysqldbMock.go:174.8,174.38 1 1
github.com/GolangToolKits/go-mysql/mysqldbMock.go:174.38,177.3 2 1
github.com/GolangToolKits/go-mysql/mysqldbMock.go:178.2,178.12 1 1
github.com/GolangToolKits/go-mysql/mysqldbMock.go:182.58,185.21 2 1
github.com/GolangToolKits/go-mysql/mysqldbMock.go:185.21,188.3 2 1
github.com/GolangToolKits/go-mysql/mysqldbMock.go:188.8,188.28 1 1
github.com/GolangToolKits/go-mysql/mysqldbMock.go:188.28,191.3 2 1
github.com/GolangToolKits/go-mysql/mysqldbMock.go:191.8,191.28 1 1
github.com/GolangToolKits/go-mysql/mysqldbMock.go:191.28,194.3 2 1
github.com/GolangToolKits/go-mysql/mysqldbMock.go:194.8,194.28 1 1
github.com/GolangToolKits/go-mysql/mysqldbMock.go:194.28,197.3 2 1
github.com/GolangToolKits/go-mysql/mysqldbMock.go:197.8,197.28 1 1
github.com/GolangToolKits/go-mysql/mysqldbMock.go:197.28,200.3 2 1
github.com/GolangToolKits/go-mysql/mysqldbMock.go:200.8,200.28 1 1
github.com/GolangToolKits/go-mysql/mysqldbMock.go:200.28,203.3 2 1
github.com/GolangToolKits/go-mysql/mysqldbMock.go:203.8,203.28 1 1
github.com/GolangToolKits/go-mysql/mysqldbMock.go:203.28,206.3 2 1
github.com/GolangToolKits/go-mysql/mysqldbMock.go:206.8,206.28 1 1
github.com/GolangToolKits/go-mysql/mysqldbMock.go:206.28,209.3 2 1
github.com/GolangToolKits/go-mysql/mysqldbMock.go:210.2,210.12 1 1
github.com/GolangToolKits/go-mysql/mysqldbMock.go:214.63,216.22 2 1
github.com/GolangToolKits/go-mysql/mysqldbMock.go:216.22,219.3 2 1
github.com/GolangToolKits/go-mysql/mysqldbMock.go:219.8,219.29 1 1
github.com/GolangToolKits/go-mysql/mysqldbMock.go:219.29,222.3 2 1
github.com/GolangToolKits/go-mysql/mysqldbMock.go:222.8,222.29 1 1
github.com/GolangToolKits/go-mysql/mysqldbMock.go:222.29,225.3 2 1
github.com/GolangToolKits/go-mysql/mysqldbMock.go:225.8,225.29 1 1
github.com/GolangToolKits/go-mysql/mysqldbMock.go:225.29,228.3 2 1
github.com/GolangToolKits/go-mysql/mysqldbMock.go:228.8,228.29 1 1
github.com/GolangToolKits/go-mysql/mysqldbMock.go:228.29,231.3 2 1
github.com/GolangToolKits/go-mysql/mysqldbMock.go:231.8,231.29 1 1
github.com/GolangToolKits/go-mysql/mysqldbMock.go:231.29,234.3 2 1
github.com/GolangToolKits/go-mysql/mysqldbMock.go:234.8,234.29 1 1
github.com/GolangToolKits/go-mysql/mysqldbMock.go:234.29,237.3 2 1
github.com/GolangToolKits/go-mysql/mysqldbMock.go:237.8,237.29 1 1
github.com/GolangToolKits/go-mysql/mysqldbMock.go:237.29,240.3 2 1
github.com/GolangToolKits/go-mysql/mysqldbMock.go:241.2,241.12 1 1
github.com/GolangToolKits/go-mysql/mysqldbMock.go:245.59,247.31 2 1
github.com/GolangToolKits/go-mysql/mysqldbMock.go:247.31,250.3 2 1
github.com/GolangToolKits/go-mysql/mysqldbMock.go:250.8,250.38 1 1
github.com/GolangToolKits/go-mysql/mysqldbMock.go:250.38,253.3 2 1
github.com/GolangToolKits/go-mysql/mysqldbMock.go:253.8,253.38 1 1
github.com/GolangToolKits/go-mysql/mysqldbMock.go:253.38,256.3 2 1
github.com/GolangToolKits/go-mysql/mysqldbMock.go:256.8,256.38 1 1
github.com/GolangToolKits/go-mysql/mysqldbMock.go:256.38,259.3 2 1
github.com/GolangToolKits/go-mysql/mysqldbMock.go:260.2,260.12 1 1
github.com/GolangToolKits/go-mysql/mysqldbMock.go:264.33,266.2 1 1
github.com/GolangToolKits/go-mysql/mysqltx.go:14.66,19.16 4 1
github.com/GolangToolKits/go-mysql/mysqltx.go:19.16,21.3 1 1
github.com/GolangToolKits/go-mysql/mysqltx.go:21.8,24.17 3 1
github.com/GolangToolKits/go-mysql/mysqltx.go:24.17,26.4 1 1
github.com/GolangToolKits/go-mysql/mysqltx.go:26.9,29.38 3 1
github.com/GolangToolKits/go-mysql/mysqltx.go:29.38,31.5 1 1
github.com/GolangToolKits/go-mysql/mysqltx.go:34.2,34.20 1 1
github.com/GolangToolKits/go-mysql/mysqltx.go:38.57,41.16 3 1
github.com/GolangToolKits/go-mysql/mysqltx.go:41.16,43.3 1 1
github.com/GolangToolKits/go-mysql/mysqltx.go:43.8,46.17 3 1
github.com/GolangToolKits/go-mysql/mysqltx.go:46.17,48.4 1 1
github.com/GolangToolKits/go-mysql/mysqltx.go:48.9,50.25 2 1
github.com/GolangToolKits/go-mysql/mysqltx.go:50.25,52.5 1 0
github.com/GolangToolKits/go-mysql/mysqltx.go:52.10,54.5 1 1
github.com/GolangToolKits/go-mysql/mysqltx.go:57.2,57.16 1 1
github.com/GolangToolKits/go-mysql/mysqltx.go:61.57,64.16 3 1
github.com/GolangToolKits/go-mysql/mysqltx.go:64.16,66.3 1 1
github.com/GolangToolKits/go-mysql/mysqltx.go:66.8,69.17 3 1
github.com/GolangToolKits/go-mysql/mysqltx.go:69.17,72.4 1 1
github.com/GolangToolKits/go-mysql/mysqltx.go:72.9,74.25 2 1
github.com/GolangToolKits/go-mysql/mysqltx.go:74.25,76.5 1 1
github.com/GolangToolKits/go-mysql/mysqltx.go:76.10,78.5 1 1
github.com/GolangToolKits/go-mysql/mysqltx.go:82.2,82.16 1 1
github.com/GolangToolKits/go-mysql/mysqltx.go:86.32,89.16 3 1
github.com/GolangToolKits/go-mysql/mysqltx.go:89.16,91.3 1 1
github.com/GolangToolKits/go-mysql/mysqltx.go:91.8,93.3 1 1
github.com/GolangToolKits/go-mysql/mysqltx.go:94.2,94.12 1 1
github.com/GolangToolKits/go-mysql/mysqltx.go:98.34,101.16 3 1
github.com/GolangToolKits/go-mysql/mysqltx.go:101.16,103.3 1 1
github.com/GolangToolKits/go-mysql/mysqltx.go:103.8,105.3 1 1
github.com/GolangToolKits/go-mysql/mysqltx.go:106.2,106.12 1 1
github.com/GolangToolKits/go-mysql/mysqltxMock.go:12.70,15.40 3 1
github.com/GolangToolKits/go-mysql/mysqltxMock.go:15.40,19.3 3 1
github.com/GolangToolKits/go-mysql/mysqltxMock.go:19.8,19.47 1 1
github.com/GolangToolKits/go-mysql/mysqltxMock.go:19.47,23.3 3 1
github.com/GolangToolKits/go-mysql/mysqltxMock.go:23.8,23.47 1 1
github.com/GolangToolKits/go-mysql/mysqltxMock.go:23.47,27.3 3 1
github.com/GolangToolKits/go-mysql/mysqltxMock.go:27.8,27.47 1 1
github.com/GolangToolKits/go-mysql/mysqltxMock.go:27.47,31.3 3 1
github.com/GolangToolKits/go-mysql/mysqltxMock.go:31.8,31.47 1 1
github.com/GolangToolKits/go-mysql/mysqltxMock.go:31.47,35.3 3 1
github.com/GolangToolKits/go-mysql/mysqltxMock.go:35.8,35.47 1 1
github.com/GolangToolKits/go-mysql/mysqltxMock.go:35.47,39.3 3 1
github.com/GolangToolKits/go-mysql/mysqltxMock.go:39.8,39.47 1 1
github.com/GolangToolKits/go-mysql/mysqltxMock.go:39.47,43.3 3 1
github.com/GolangToolKits/go-mysql/mysqltxMock.go:43.8,43.47 1 1
github.com/GolangToolKits/go-mysql/mysqltxMock.go:43.47,47.3 3 1
github.com/GolangToolKits/go-mysql/mysqltxMock.go:48.2,48.16 1 1
github.com/GolangToolKits/go-mysql/mysqltxMock.go:52.61,54.40 2 1
github.com/GolangToolKits/go-mysql/mysqltxMock.go:54.40,57.3 2 1
github.com/GolangToolKits/go-mysql/mysqltxMock.go:57.8,57.47 1 1
github.com/GolangToolKits/go-mysql/mysqltxMock.go:57.47,60.3 2 1
github.com/GolangToolKits/go-mysql/mysqltxMock.go:60.8,60.47 1 1
github.com/GolangToolKits/go-mysql/mysqltxMock.go:60.47,63.3 2 1
github.com/GolangToolKits/go-mysql/mysqltxMock.go:63.8,63.47 1 1
github.com/GolangToolKits/go-mysql/mysqltxMock.go:63.47,66.3 2 1
github.com/GolangToolKits/go-mysql/mysqltxMock.go:67.2,67.12 1 1
github.com/GolangToolKits/go-mysql/mysqltxMock.go:71.61,73.40 2 1
github.com/GolangToolKits/go-mysql/mysqltxMock.go:73.40,76.3 2 1
github.com/GolangToolKits/go-mysql/mysqltxMock.go:76.8,76.47 1 1
github.com/GolangToolKits/go-mysql/mysqltxMock.go:76.47,79.3 2 1
github.com/GolangToolKits/go-mysql/mysqltxMock.go:79.8,79.47 1 1
github.com/GolangToolKits/go-mysql/mysqltxMock.go:79.47,82.3 2 1
github.com/GolangToolKits/go-mysql/mysqltxMock.go:82.8,82.47 1 1
github.com/GolangToolKits/go-mysql/mysqltxMock.go:82.47,85.3 2 1
github.com/GolangToolKits/go-mysql/mysqltxMock.go:85.8,85.47 1 1
github.com/GolangToolKits/go-mysql/mysqltxMock.go:85.47,88.3 2 1
github.com/GolangToolKits/go-mysql/mysqltxMock.go:88.8,88.47 1 1
github.com/GolangToolKits/go-mysql/mysqltxMock.go:88.47,91.3 2 1
github.com/GolangToolKits/go-mysql/mysqltxMock.go:91.8,91.47 1 1
github.com/GolangToolKits/go-mysql/mysqltxMock.go:91.47,94.3 2 1
github.com/GolangToolKits/go-mysql/mysqltxMock.go:94.8,94.47 1 1
github.com/GolangToolKits/go-mysql/mysqltxMock.go:94.47,97.3 2 1
github.com/GolangToolKits/go-mysql/mysqltxMock.go:98.2,98.12 1 1
github.com/GolangToolKits/go-mysql/mysqltxMock.go:102.36,104.2 1 1
github.com/GolangToolKits/go-mysql/mysqltxMock.go:107.38,109.2 1 1
